Determining if the pthread_create exist failed with the following output:
Change Dir: /home/chuck/catkin_ws/src/homework0/build/CMakeFiles/CMakeTmp

Run Build Command:"/usr/bin/make" "cmTC_7ca6a/fast"
/usr/bin/make -f CMakeFiles/cmTC_7ca6a.dir/build.make CMakeFiles/cmTC_7ca6a.dir/build
make[1]: ingresso nella directory "/home/chuck/catkin_ws/src/homework0/build/CMakeFiles/CMakeTmp"
Building C object CMakeFiles/cmTC_7ca6a.dir/CheckSymbolExists.c.o
/usr/bin/cc     -o CMakeFiles/cmTC_7ca6a.dir/CheckSymbolExists.c.o   -c /home/chuck/catkin_ws/src/homework0/build/CMakeFiles/CMakeTmp/CheckSymbolExists.c
Linking C executable cmTC_7ca6a
/usr/bin/cmake -E cmake_link_script CMakeFiles/cmTC_7ca6a.dir/link.txt --verbose=1
/usr/bin/cc       CMakeFiles/cmTC_7ca6a.dir/CheckSymbolExists.c.o  -o cmTC_7ca6a -rdynamic 
CMakeFiles/cmTC_7ca6a.dir/CheckSymbolExists.c.o: nella funzione "main":
CheckSymbolExists.c:(.text+0x16): riferimento non definito a "pthread_create"
collect2: error: ld returned 1 exit status
CMakeFiles/cmTC_7ca6a.dir/build.make:97: set di istruzioni per l'obiettivo "cmTC_7ca6a" non riuscito
make[1]: *** [cmTC_7ca6a] Errore 1
make[1]: uscita dalla directory "/home/chuck/catkin_ws/src/homework0/build/CMakeFiles/CMakeTmp"
Makefile:126: set di istruzioni per l'obiettivo "cmTC_7ca6a/fast" non riuscito
make: *** [cmTC_7ca6a/fast] Errore 2

File /home/chuck/catkin_ws/src/homework0/build/CMakeFiles/CMakeTmp/CheckSymbolExists.c:
/* */
#include <pthread.h>

int main(int argc, char** argv)
{
  (void)argv;
#ifndef pthread_create
  return ((int*)(&pthread_create))[argc];
#else
  (void)argc;
  return 0;
#endif
}

Determining if the function pthread_create exists in the pthreads failed with the following output:
Change Dir: /home/chuck/catkin_ws/src/homework0/build/CMakeFiles/CMakeTmp

Run Build Command:"/usr/bin/make" "cmTC_a2d31/fast"
/usr/bin/make -f CMakeFiles/cmTC_a2d31.dir/build.make CMakeFiles/cmTC_a2d31.dir/build
make[1]: ingresso nella directory "/home/chuck/catkin_ws/src/homework0/build/CMakeFiles/CMakeTmp"
Building C object CMakeFiles/cmTC_a2d31.dir/CheckFunctionExists.c.o
/usr/bin/cc    -DCHECK_FUNCTION_EXISTS=pthread_create   -o CMakeFiles/cmTC_a2d31.dir/CheckFunctionExists.c.o   -c /usr/share/cmake-3.5/Modules/CheckFunctionExists.c
Linking C executable cmTC_a2d31
/usr/bin/cmake -E cmake_link_script CMakeFiles/cmTC_a2d31.dir/link.txt --verbose=1
/usr/bin/cc   -DCHECK_FUNCTION_EXISTS=pthread_create    CMakeFiles/cmTC_a2d31.dir/CheckFunctionExists.c.o  -o cmTC_a2d31 -rdynamic -lpthreads 
/usr/bin/ld: impossibile trovare -lpthreads
collect2: error: ld returned 1 exit status
CMakeFiles/cmTC_a2d31.dir/build.make:97: set di istruzioni per l'obiettivo "cmTC_a2d31" non riuscito
make[1]: *** [cmTC_a2d31] Errore 1
make[1]: uscita dalla directory "/home/chuck/catkin_ws/src/homework0/build/CMakeFiles/CMakeTmp"
Makefile:126: set di istruzioni per l'obiettivo "cmTC_a2d31/fast" non riuscito
make: *** [cmTC_a2d31/fast] Errore 2


